<?xml version="1.0" encoding="UTF-8"?>
<!-- Generated by org.testng.reporters.JUnitReportReporter -->
<testsuite skipped="0" hostname="LAPTOP-RI98HJAQ" name="com.arman.armaNote.seerviceImpl.UserServiceImplTest" tests="1" failures="0" timestamp="24 Dec 2018 15:44:04 GMT" time="0.241" errors="0">
  <testcase name="saveUserCase1" time="0.241" classname="com.arman.armaNote.seerviceImpl.UserServiceImplTest"/>
</testsuite> <!-- com.arman.armaNote.seerviceImpl.UserServiceImplTest -->
