<?xml version="1.0" encoding="UTF-8"?>
<!-- Generated by org.testng.reporters.JUnitReportReporter -->
<testsuite skipped="0" hostname="LAPTOP-RI98HJAQ" name="com.arman.armaNote.api.UserControllerTest" tests="1" failures="0" timestamp="05 Dec 2018 14:24:35 GMT" time="1.369" errors="0">
  <testcase name="getUsersCase1" time="1.369" classname="com.arman.armaNote.api.UserControllerTest"/>
</testsuite> <!-- com.arman.armaNote.api.UserControllerTest -->
