<?xml version="1.0" encoding="UTF-8"?>
<!-- Generated by org.testng.reporters.JUnitReportReporter -->
<testsuite skipped="0" hostname="LAPTOP-RI98HJAQ" name="com.arman.armaNote.api.UserControllerTest" tests="1" failures="0" timestamp="29 Jan 2019 13:58:59 GMT" time="1.068" errors="0">
  <testcase name="saveUserCase1" time="1.068" classname="com.arman.armaNote.api.UserControllerTest"/>
</testsuite> <!-- com.arman.armaNote.api.UserControllerTest -->
